<?xml version="1.0" encoding="UTF-8"?>
<!-- Generated by org.testng.reporters.JUnitReportReporter -->
<testsuite hostname="DESKTOP-30FHIC2" failures="0" tests="3" name="com.myflight.testcase.LoginTest" time="50.333" errors="0" timestamp="2019-11-14T12:58:00 IST" skipped="0">
  <testcase classname="com.myflight.testcase.LoginTest" name="verifyLoginPagetitleTest" time="14.132"/>
  <testcase classname="com.myflight.testcase.LoginTest" name="verifyLoginLableTest" time="14.922"/>
  <testcase classname="com.myflight.testcase.LoginTest" name="verifyLogintest" time="21.279"/>
</testsuite> <!-- com.myflight.testcase.LoginTest -->
