<?xml version="1.0" encoding="UTF-8"?>
<!-- Generated by org.testng.reporters.JUnitReportReporter -->
<testsuite hostname="DESKTOP-30FHIC2" failures="0" tests="3" name="com.myflight.testcase.RegistrationTest" time="73.834" errors="0" timestamp="2019-11-14T12:58:00 IST" skipped="0">
  <testcase classname="com.myflight.testcase.RegistrationTest" name="RegTest" time="23.861"/>
  <testcase classname="com.myflight.testcase.RegistrationTest" name="RegTest" time="26.223"/>
  <testcase classname="com.myflight.testcase.RegistrationTest" name="RegTest" time="23.750"/>
</testsuite> <!-- com.myflight.testcase.RegistrationTest -->
