<?xml version="1.0" encoding="UTF-8"?>
<!-- Generated by org.testng.reporters.JUnitReportReporter -->
<testsuite hostname="DESKTOP-30FHIC2" failures="0" tests="6" name="com.myflight.testcase.MyAccountTest" time="122.074" errors="0" timestamp="2019-11-14T12:58:00 IST" skipped="0">
  <testcase classname="com.myflight.testcase.MyAccountTest" name="validateAccountPageTitleTest" time="18.731"/>
  <testcase classname="com.myflight.testcase.MyAccountTest" name="validateAccountPageUrlTest" time="20.176"/>
  <testcase classname="com.myflight.testcase.MyAccountTest" name="validatetabletLinkTest" time="21.500"/>
  <testcase classname="com.myflight.testcase.MyAccountTest" name="validateSoftwarelinkTest" time="21.639"/>
  <testcase classname="com.myflight.testcase.MyAccountTest" name="validateOrderhistorylinkTest" time="20.250"/>
  <testcase classname="com.myflight.testcase.MyAccountTest" name="validatecartTotalTest" time="19.778"/>
</testsuite> <!-- com.myflight.testcase.MyAccountTest -->
